Error: Command failed: cd D:/work/next-pc/home-page-pc/ && npm run build
Browserslist: caniuse-lite is outdated. Please run:
npx browserslist@latest --update-db

Error occurred prerendering page "/news/4". Read more: https://err.sh/next.js/prerender-error
Error: timeout of 30000ms exceeded
    at createError (D:\work\next-pc\home-page-pc\node_modules\axios\lib\core\createError.js:16:15)
    at RedirectableRequest.handleRequestTimeout (D:\work\next-pc\home-page-pc\node_modules\axios\lib\adapters\http.js:280:16)
    at Object.onceWrapper (events.js:421:28)
    at RedirectableRequest.emit (events.js:315:20)
    at Timeout._onTimeout (D:\work\next-pc\home-page-pc\node_modules\follow-redirects\index.js:166:13)
    at listOnTimeout (internal/timers.js:549:17)
    at processTimers (internal/timers.js:492:7)

Error occurred prerendering page "/news/2". Read more: https://err.sh/next.js/prerender-error
Error: timeout of 30000ms exceeded
    at createError (D:\work\next-pc\home-page-pc\node_modules\axios\lib\core\createError.js:16:15)
    at RedirectableRequest.handleRequestTimeout (D:\work\next-pc\home-page-pc\node_modules\axios\lib\adapters\http.js:280:16)
    at Object.onceWrapper (events.js:421:28)
    at RedirectableRequest.emit (events.js:315:20)
    at Timeout._onTimeout (D:\work\next-pc\home-page-pc\node_modules\follow-redirects\index.js:166:13)
    at listOnTimeout (internal/timers.js:549:17)
    at processTimers (internal/timers.js:492:7)

> Build error occurred
Error: Export encountered errors on following paths:
	/news/2
	/news/4
    at exportApp (D:\work\next-pc\home-page-pc\node_modules\next\dist\export\index.js:30:1103)
    at processTicksAndRejections (internal/process/task_queues.js:97:5)
    at async D:\work\next-pc\home-page-pc\node_modules\next\dist\build\index.js:39:69
    at async D:\work\next-pc\home-page-pc\node_modules\next\dist\build\tracer.js:1:525
npm ERR! code ELIFECYCLE
npm ERR! errno 1
npm ERR! home-page-pc@0.1.0 build: `next build && next export`
npm ERR! Exit status 1
npm ERR! 
npm ERR! Failed at the home-page-pc@0.1.0 build script.
npm ERR! This is probably not a problem with npm. There is likely additional logging output above.

npm ERR! A complete log of this run can be found in:
npm ERR!     C:\Users\Administrator\AppData\Roaming\npm-cache\_logs\2021-03-05T05_31_40_022Z-debug.log
